<?xml version="1.0" encoding="UTF-8"?>
<!-- Generated by org.testng.reporters.JUnitXMLReporter -->
<testsuite hostname="LT-019-PC" name="Test" tests="3" failures="0" timestamp="27 Aug 2013 10:30:04 GMT" time="11.716" errors="0">
  <testcase name="loginGoogle" time="1.406" classname="com.test.wordpress.loginTests"/>
  <testcase name="loginRediff" time="1.015" classname="com.test.wordpress.loginTests"/>
  <testcase name="loginYahoo" time="9.282" classname="com.test.wordpress.loginTests"/>
</testsuite> <!-- Test -->
