<?xml version="1.0" encoding="UTF-8"?>
<!-- Generated by org.testng.reporters.JUnitXMLReporter -->
<testsuite hostname="LT-019-PC" name="Test" tests="3" failures="1" timestamp="27 Aug 2013 10:27:43 GMT" time="12.051" errors="0">
  <testcase name="loginGoogle" time="2.1" classname="com.test.wordpress.loginTests"/>
  <testcase name="loginRediff" time="2.295" classname="com.test.wordpress.loginTests"/>
  <testcase name="loginYahoo" time="7.645" classname="com.test.wordpress.loginTests">
    <failure type="java.lang.AssertionError" message="Page has not loaded properly. expected [Yahoo! India] but found [Yahoo! India1]">
      <![CDATA[java.lang.AssertionError: Page has not loaded properly. expected [Yahoo! India] but found [Yahoo! India1]
	at com.test.wordpress.loginTests.loginYahoo(loginTests.java:84)
... Removed 28 stack frames]]>
    </failure>
  </testcase> <!-- loginYahoo -->
</testsuite> <!-- Test -->
