<?xml version="1.0" encoding="UTF-8"?>
<!-- Generated by org.testng.reporters.JUnitXMLReporter -->
<testsuite hostname="LT-019-PC" name="Test" tests="3" failures="0" timestamp="27 Aug 2013 10:11:38 GMT" time="21.081" errors="0">
  <testcase name="loginGoogle" time="6.361" classname="com.test.wordpress.loginTests"/>
  <testcase name="loginRediff" time="1.997" classname="com.test.wordpress.loginTests"/>
  <testcase name="loginYahoo" time="12.465" classname="com.test.wordpress.loginTests"/>
</testsuite> <!-- Test -->
