<?xml version="1.0" encoding="UTF-8"?>
<!-- Generated by org.testng.reporters.JUnitXMLReporter -->
<testsuite hostname="LT-019-PC" name="Test" tests="3" failures="0" timestamp="27 Aug 2013 09:33:23 GMT" time="30.384" errors="0">
  <testcase name="loginGoogle" time="5.685" classname="com.test.wordpress.loginTests"/>
  <testcase name="loginRediff" time="5.478" classname="com.test.wordpress.loginTests"/>
  <testcase name="loginYahoo" time="19.196" classname="com.test.wordpress.loginTests"/>
</testsuite> <!-- Test -->
